1365593497170,FL,/,404,3
1365593497453,FL,/prices.do,200,39
1365593497704,FL,/prices.do,200,5
1365593497955,US,/dashboard.do,503,35
1365593498205,RU,/prices.do,200,8
1365593498456,US,/dashboard.do,404,36
1365593498707,AU,/prices.do,200,19
1365593498958,RU,/dashboard.do,503,19
1365593499212,RU,/,404,35
1365593499462,FR,/prices.do,200,17
1365593499714,FL,/,404,18
1365593499966,FR,/prices.do,404,27
1365593500217,AU,/prices.do,503,9
1365593500467,FL,/prices.do,200,35
1365593500718,RU,/,503,22
1365593500970,RU,/prices.do,200,25
1365593501223,FR,/,200,49
1365593501474,US,/,200,49
1365593501724,FL,/dashboard.do,404,19
1365593501975,RU,/,200,15
1365593502226,RU,/prices.do,404,28
1365593502477,AU,/prices.do,404,20
1365593502728,FL,/,404,14
1365593502979,FL,/dashboard.do,200,45
1365593503230,US,/,404,44
1365593503481,FL,/dashboard.do,404,0
1365593503732,FL,/dashboard.do,503,22
1365593503983,AU,/prices.do,200,11
1365593504234,AU,/,503,9
1365593504486,US,/prices.do,404,45
1365593504737,FR,/dashboard.do,200,27
1365593504988,FR,/,503,46
1365593505239,FL,/dashboard.do,503,49
1365593505490,FR,/dashboard.do,503,47
1365593505741,RU,/,503,33
1365593505992,US,/dashboard.do,503,11
1365593506244,FL,/dashboard.do,404,42
1365593506494,FL,/prices.do,200,21
1365593506745,AU,/dashboard.do,404,49
1365593506996,AU,/,503,44
1365593507248,FR,/,200,15
1365593507498,AU,/prices.do,503,34
1365593507750,AU,/,503,4
1365593508002,US,/,200,41
1365593508254,US,/prices.do,503,2
1365593508505,FL,/,404,19
1365593508756,US,/,503,35
1365593509008,US,/dashboard.do,200,12
1365593509259,AU,/,503,32
1365593509510,US,/dashboard.do,404,6
1365593509761,FL,/prices.do,503,37
1365593510012,RU,/dashboard.do,404,30
1365593510263,FL,/,503,21
1365593510514,FL,/dashboard.do,404,15
1365593510764,RU,/,200,0
1365593511016,RU,/dashboard.do,404,20
1365593511267,US,/,404,12
1365593511519,RU,/,404,34
1365593511770,US,/,404,27
1365593512022,AU,/prices.do,200,10
1365593512274,US,/,404,47
1365593512525,FR,/,200,20
1365593512776,US,/prices.do,503,41
1365593513027,RU,/,200,25
1365593513278,AU,/dashboard.do,200,19
1365593513529,FR,/,200,9
1365593513780,AU,/,404,16
1365593514032,FR,/dashboard.do,404,27
1365593514282,FL,/prices.do,200,12
1365593514534,US,/dashboard.do,503,21
1365593514785,FL,/dashboard.do,404,37
1365593515037,FL,/prices.do,200,32
1365593515288,FR,/,200,41
1365593515539,FL,/dashboard.do,200,25
1365593515789,FR,/prices.do,404,18
1365593516040,FL,/prices.do,200,18
1365593516291,US,/prices.do,503,49
1365593676115,FR,/dashboard.do,503,47
1365593676423,FR,/dashboard.do,404,41
1365593676674,AU,/dashboard.do,200,8
1365593676926,FL,/,503,44
1365593677178,AU,/prices.do,404,26
1365593677430,US,/dashboard.do,404,43
1365593677681,RU,/dashboard.do,200,12
1365593677932,RU,/dashboard.do,200,30
1365593678186,US,/,503,0
1365593678438,FR,/prices.do,200,25
1365593678689,FL,/prices.do,503,30
1365593678940,US,/dashboard.do,404,47
1365593679192,FL,/,200,4
1365593679443,FL,/,404,5
1365593679695,FR,/,200,45
1365593679946,FR,/,404,32
1365593680198,FL,/dashboard.do,404,4
1365593680450,FR,/dashboard.do,200,37
1365593680702,FR,/prices.do,503,1
1365593680953,US,/,404,33
1365593681205,RU,/dashboard.do,503,21
1365593681456,RU,/dashboard.do,200,2
1365593681707,RU,/prices.do,404,36
1365593681958,FR,/,200,38
1365593682210,AU,/,404,10
1365593682461,FR,/,503,39
1365593682711,US,/dashboard.do,503,41
1365593682962,FL,/prices.do,200,5
1365593683213,US,/,200,16
1365593683464,FR,/,404,41
1365593683716,FL,/prices.do,503,2
1365593683967,AU,/dashboard.do,200,20
1365593684218,FL,/prices.do,404,30
1365593684469,FR,/prices.do,404,2
1365593684720,US,/prices.do,404,49
1365593684971,AU,/,200,45
1365593685222,FR,/dashboard.do,503,15
1365593685473,RU,/prices.do,404,10
1365593685728,FR,/,200,13
1365593685979,US,/prices.do,404,40
1365593686230,FR,/,200,11
1365593686481,FL,/prices.do,200,49
1365593686732,FR,/,200,30
1365593686983,FL,/prices.do,404,1
1365593687234,FR,/dashboard.do,404,33
1365593687485,US,/,404,10
1365593687736,FR,/prices.do,404,22
1365593687987,FL,/prices.do,503,19
1365593688238,RU,/dashboard.do,200,22
1365593688489,FL,/dashboard.do,404,33
1365593688739,RU,/dashboard.do,200,26
1365593688991,US,/dashboard.do,503,0
1365593689243,US,/dashboard.do,404,45
1365593689494,US,/,503,39
1365593689745,RU,/dashboard.do,503,5
1365593689996,RU,/,200,27
1365593690247,FR,/dashboard.do,503,19
1365593690499,US,/,404,21
1365593690750,FR,/,503,24
1365593691000,AU,/,404,21
1365593691251,FL,/prices.do,404,9
1365593691502,RU,/prices.do,404,40
1365593691753,FR,/prices.do,200,4
1365593692004,AU,/prices.do,503,43
1365593692255,US,/prices.do,503,29
1365593692506,FL,/prices.do,404,20
1365593692757,RU,/dashboard.do,404,0
1365593693008,RU,/prices.do,404,45
1365593693259,RU,/,404,8
1365593693510,RU,/prices.do,200,7
1365593693761,RU,/dashboard.do,503,12
1365593694012,FL,/dashboard.do,404,17
1365593694263,AU,/prices.do,200,5
1365593694514,FL,/,200,11
1365593694765,FR,/,200,33
1365593695016,RU,/prices.do,404,43
1365593695267,FL,/prices.do,503,35
1365593695518,AU,/dashboard.do,200,47
1365593695771,US,/,200,39
1365593696022,FR,/,200,28
1365593696273,FL,/prices.do,404,43
1365593696525,FR,/,404,19
1365593696776,RU,/prices.do,404,49
1365593697027,FL,/dashboard.do,503,49
1365593697278,US,/prices.do,200,40
1365593697529,FL,/prices.do,200,23
1365593697779,FR,/,404,24
1365593698031,FR,/prices.do,503,26
1365593698282,RU,/dashboard.do,404,41
1365593698533,AU,/prices.do,503,47
1365593698785,AU,/prices.do,200,45
1365593699036,US,/,404,33
1365593699288,FL,/dashboard.do,200,1
1365593699539,US,/dashboard.do,503,34
1365593699790,FR,/prices.do,503,32
1365593700042,FL,/,404,14
1365593700293,RU,/prices.do,503,49
1365593700544,FR,/dashboard.do,404,43
1365593700795,FR,/prices.do,200,21
1365593701046,FR,/dashboard.do,503,10
1365593701297,FR,/prices.do,503,32
1365593701547,FL,/prices.do,200,21
1365593701798,RU,/,404,41
1365593702049,FL,/prices.do,200,43
1365593702300,AU,/dashboard.do,503,13
1365593702551,RU,/prices.do,404,28
1365593702802,US,/prices.do,503,19
1365593703053,FL,/prices.do,503,6
1365593703305,US,/prices.do,404,3
1365593703556,FR,/,404,29
1365593703807,FL,/prices.do,200,27
1365593704058,FR,/dashboard.do,200,22
1365593704309,US,/,200,39
1365593704560,AU,/,503,16
1365593704812,AU,/dashboard.do,503,15
1365593705063,FL,/,503,28
1365593705315,FL,/dashboard.do,200,35
1365593705566,RU,/,503,29
1365593705817,FL,/dashboard.do,404,14
1365593706068,FR,/prices.do,200,38
1365593706320,AU,/,503,47
1365593706571,RU,/,404,34
1365593706823,FR,/,503,47
1365593707074,AU,/,404,46
1365593707326,FR,/,404,25
1365593707576,AU,/prices.do,503,10
1365593707827,AU,/dashboard.do,503,48
1365593708078,FL,/prices.do,404,16
1365593708329,US,/,404,48
1365593708580,FL,/dashboard.do,404,42
1365593708831,RU,/,200,19
1365593709082,FL,/dashboard.do,404,23
1365593709334,AU,/dashboard.do,200,11
1365593709585,US,/,503,21
1365593709837,US,/prices.do,503,27
1365593710088,RU,/dashboard.do,200,13
1365593710339,RU,/dashboard.do,404,33
1365593710590,US,/,200,49
1365593710840,RU,/prices.do,200,29
1365593711092,US,/prices.do,404,1
1365593711343,FL,/dashboard.do,503,12
1365593711594,RU,/dashboard.do,503,23
1365593711845,RU,/,503,47
1365593712095,US,/,404,17
1365593712346,US,/prices.do,200,38
1365593712598,FL,/prices.do,503,32
1365593712850,FL,/prices.do,200,27
1365593713102,FR,/dashboard.do,404,41
1365593713353,FL,/prices.do,404,5
1365593713604,US,/dashboard.do,200,19
1365593713855,RU,/prices.do,200,16
1365593714106,FL,/prices.do,503,24
1365593714357,FR,/prices.do,200,28
1365593714608,FL,/prices.do,200,48
1365593714859,RU,/prices.do,404,5
1365593715111,RU,/prices.do,404,26
1365593715362,FR,/dashboard.do,503,42
1365593715613,US,/,404,28
1365593715865,FR,/prices.do,200,22
1365593716117,FR,/dashboard.do,200,25
1365593716368,US,/,503,3
1365593716618,FR,/dashboard.do,404,47
1365593716870,FL,/,200,41
1365593717120,FL,/prices.do,200,5
1365593717371,RU,/dashboard.do,404,28
1365593717622,RU,/,503,21
1365593717873,US,/prices.do,404,36
1365593718124,RU,/dashboard.do,503,18
1365593718376,AU,/dashboard.do,503,18
1365593718627,AU,/prices.do,404,39
1365593718877,RU,/dashboard.do,503,8
1365593719129,US,/prices.do,200,1
1365593719380,AU,/dashboard.do,200,15
1365593719631,FR,/prices.do,503,36
1365593719883,FL,/prices.do,503,43
1365593720134,FL,/dashboard.do,404,19
1365593720386,AU,/dashboard.do,503,33
1365593720638,RU,/,404,49
1365593720889,RU,/,503,18
1365593721140,FR,/dashboard.do,503,25
1365593721391,FR,/prices.do,503,43
1365593721642,FL,/prices.do,503,26
1365593721894,FL,/prices.do,503,41
1365593722145,US,/,200,25
1365593722397,RU,/prices.do,200,31
1365593722648,FR,/prices.do,200,32
1365593722899,AU,/,404,24
1365593723150,US,/prices.do,200,44
1365593723401,RU,/dashboard.do,404,0
1365593723652,US,/,200,43
1365593723904,RU,/prices.do,200,39
1365593724155,RU,/dashboard.do,200,48
1365593724407,FR,/dashboard.do,503,48
1365593724659,FL,/,503,22
1365593724911,FL,/,404,36
1365593725163,FR,/,200,43
1365593725414,FL,/,200,27
1365593725664,US,/,200,25
1365593725916,US,/dashboard.do,503,35
1365593726168,FR,/prices.do,503,19
1365593726419,FR,/dashboard.do,503,36
1365593726670,FL,/dashboard.do,404,1
1365593726922,US,/prices.do,503,13
1365593727174,US,/dashboard.do,200,13
1365593727425,FR,/prices.do,404,48
1365593727676,RU,/,503,33
1365593727928,FR,/prices.do,200,49
1365593728178,US,/dashboard.do,503,3
1365593728430,RU,/,200,33
1365593728681,FL,/prices.do,200,46
1365593728933,US,/dashboard.do,404,35
1365593729186,FL,/dashboard.do,404,17
1365593729438,AU,/,404,40
1365593729689,FL,/,503,19
1365593729940,AU,/,200,23
1365593730191,FR,/,404,39
1365593730442,FL,/prices.do,200,23
1365593730693,FL,/dashboard.do,503,32
1365593730945,RU,/,200,47
1365593731196,AU,/prices.do,404,42
1365593731447,US,/dashboard.do,200,23
1365593731697,FL,/,200,39
1365593731949,US,/prices.do,503,38
1365593732200,US,/dashboard.do,404,41
1365593732451,FL,/dashboard.do,200,40
1365593732702,AU,/dashboard.do,503,38
1365593732953,AU,/prices.do,503,44
1365593733204,AU,/,200,26
1365593733455,RU,/dashboard.do,200,5
1365593733706,FR,/dashboard.do,404,32
1365593733957,AU,/prices.do,200,36
1365593734208,FL,/prices.do,404,23
1365593734459,AU,/dashboard.do,200,24
1365593734710,RU,/,404,6
1365593734962,AU,/,404,10
1365593735213,AU,/,503,9
1365593735464,AU,/prices.do,503,33
1365593735715,FR,/,200,19
1365593735966,FR,/,404,24
1365593736217,AU,/,404,28
1365593736468,AU,/dashboard.do,404,11
1365593736719,RU,/prices.do,200,17
1365593736970,FR,/,503,3
1365593737221,RU,/,503,38
1365593737471,US,/prices.do,404,3
1365593737722,FL,/dashboard.do,200,45
1365593737973,AU,/,200,16
1365593738224,FL,/dashboard.do,200,1
1365593738475,US,/,404,29
1365593738726,FL,/dashboard.do,404,19
1365593738977,FR,/dashboard.do,200,5
1365593739228,US,/dashboard.do,404,13
1365593739478,US,/prices.do,200,28
1365593739730,US,/prices.do,200,49
1365593739981,RU,/prices.do,503,20
1365593740232,FL,/prices.do,200,42
1365593740483,AU,/prices.do,200,46
1365593740735,US,/,503,3
1365593740986,AU,/dashboard.do,200,10
1365593741238,AU,/,200,49
1365593741489,FR,/prices.do,503,24
1365593741740,US,/dashboard.do,200,34
1365593741991,US,/dashboard.do,200,6
1365593742242,RU,/prices.do,503,9
1365593742493,FR,/,200,31
1365593742744,US,/,503,9
1365593742995,US,/dashboard.do,404,28
1365593743245,FR,/dashboard.do,503,1
1365593743496,FL,/prices.do,503,25
1365593743747,AU,/dashboard.do,503,13
1365593743998,RU,/dashboard.do,200,26
1365593744249,FL,/,404,29
1365593744500,FR,/,503,4
1365593744750,RU,/dashboard.do,404,14
1365593745002,AU,/prices.do,503,19
1365593745252,AU,/prices.do,404,17
1365593745503,RU,/prices.do,200,45
1365593745754,FR,/prices.do,404,40
1365593746006,US,/prices.do,503,9
1365593746257,FR,/,404,7
1365593746508,AU,/,404,2
1365593746759,AU,/dashboard.do,200,27
1365593747010,FR,/,404,12
1365593747260,RU,/dashboard.do,404,29
1365593747511,US,/,404,17
1365593747762,AU,/prices.do,404,29
1365593748014,FR,/prices.do,503,3
1365593748264,FR,/prices.do,200,42
1365593748515,RU,/,404,1
1365593748767,FR,/prices.do,503,37
1365593749020,FR,/prices.do,200,26
1365593749271,AU,/,404,18
1365593749522,FL,/prices.do,404,5
1365593749773,FR,/dashboard.do,503,25
1365593750024,RU,/prices.do,503,7
1365593750277,RU,/,200,12
1365593750527,FL,/,404,28
1365593750779,FR,/prices.do,200,46
1365593751031,AU,/,503,9
1365593751281,FL,/dashboard.do,503,12
1365593751532,US,/dashboard.do,200,20
1365593751783,AU,/prices.do,503,22
1365593752035,US,/,200,43
1365593752286,US,/prices.do,200,24
1365593752537,US,/dashboard.do,404,25
1365593752788,FR,/prices.do,404,6
1365593753039,FL,/,503,14
1365593753290,US,/prices.do,404,17
1365593753541,FR,/,404,47
1365593753792,FL,/,503,14
1365593754043,US,/dashboard.do,200,5
1365593754293,AU,/prices.do,200,44
1365593754544,AU,/prices.do,404,7
1365593754795,AU,/dashboard.do,503,17
1365593755046,RU,/prices.do,404,22
1365593755296,AU,/prices.do,503,14
1365593755547,FL,/prices.do,404,24
1365593755798,FL,/prices.do,503,0
1365593756049,RU,/dashboard.do,503,16
1365593756300,FR,/prices.do,200,15
1365593756551,AU,/dashboard.do,200,15
1365593756803,US,/dashboard.do,503,49
1365593757054,RU,/dashboard.do,503,37
1365593757306,AU,/dashboard.do,404,2
1365593757557,AU,/dashboard.do,404,32
1365593757807,FL,/prices.do,404,36
1365593758059,AU,/prices.do,200,8
1365593758310,AU,/prices.do,503,37
1365593758561,AU,/dashboard.do,404,3
1365593758812,RU,/,404,41
1365593759063,RU,/,200,12
1365593759314,US,/,404,15
1365593759565,FL,/dashboard.do,404,0
1365593759816,FL,/dashboard.do,503,23
1365593760067,FL,/dashboard.do,200,10
1365593760318,FR,/,503,13
1365593760569,FR,/prices.do,404,1
1365593760819,RU,/,503,22
1365593761070,FL,/dashboard.do,503,39
1365593761321,FL,/,200,18
1365593761573,FL,/,503,2
1365593761824,RU,/prices.do,200,30
1365593762074,US,/,404,45
1365593762325,RU,/,503,9
1365593762576,AU,/dashboard.do,404,31
1365593762826,RU,/prices.do,200,7
1365593763078,AU,/,200,38
1365593763329,FL,/,200,27
1365593763580,RU,/prices.do,404,30
1365593763830,US,/dashboard.do,503,4
1365593764082,AU,/,200,5
1365593764332,FR,/,200,49
1365593764583,RU,/,404,13
1365593764834,AU,/dashboard.do,200,9
1365593765084,AU,/,200,47
1365593765335,FR,/,200,27
1365593765587,FR,/dashboard.do,200,10
1365593765838,FL,/prices.do,404,16
1365593766089,FL,/,404,29
1365593766340,FL,/dashboard.do,503,46
1365593766590,AU,/dashboard.do,404,21
1365593766841,RU,/dashboard.do,200,39
1365593767092,AU,/dashboard.do,503,12
1365593767343,RU,/prices.do,503,45
1365593767594,AU,/,503,38
1365593767846,FR,/,503,39
1365593768097,FL,/prices.do,404,48
1365593768352,RU,/prices.do,200,35
1365593768603,RU,/prices.do,503,35
1365593768855,RU,/prices.do,200,15
1365593769106,FL,/prices.do,404,29
1365593769357,FL,/dashboard.do,404,28
1365593769607,AU,/,404,19
1365593769858,FR,/dashboard.do,404,24
1365593770109,AU,/dashboard.do,503,46
1365593770360,RU,/dashboard.do,503,45
1365593770612,RU,/,404,38
1365593770862,US,/dashboard.do,503,4
1365593771113,US,/prices.do,503,48
1365593771364,US,/dashboard.do,404,28
1365593771615,RU,/dashboard.do,200,2
1365593771866,FL,/,404,44
1365593772117,US,/prices.do,200,37
1365593772368,FL,/prices.do,503,11
1365593772619,FR,/dashboard.do,200,45
1365593772871,US,/,503,36
1365593773123,AU,/dashboard.do,200,11
1365593773375,FL,/prices.do,503,38
1365593773626,FL,/,200,3
1365593773877,AU,/,503,44
1365593774129,FL,/dashboard.do,200,49
1365593774380,AU,/,503,29
1365593774630,US,/dashboard.do,503,14
1365593774881,FL,/,503,39
1365593775131,AU,/,200,0
1365593775383,FR,/prices.do,200,35
1365593775633,FR,/,404,3
1365593775885,FR,/prices.do,503,9
1365593776136,US,/dashboard.do,503,28
1365593776387,AU,/dashboard.do,503,9
1365593776638,AU,/,200,0
1365593776888,FR,/prices.do,503,44
1365593777139,AU,/dashboard.do,503,49
1365593777390,FL,/,503,28
1365593777641,US,/prices.do,404,23
1365593777891,US,/dashboard.do,503,32
1365593778142,AU,/,404,11
1365593778393,RU,/prices.do,200,12
1365593778645,FR,/,404,6
1365593778897,AU,/prices.do,503,27
1365593779147,FL,/prices.do,503,36
1365593779398,US,/,200,17
1365593779649,FL,/dashboard.do,503,5
1365593779901,RU,/prices.do,200,7
1365593780152,RU,/dashboard.do,404,47
1365593780403,US,/prices.do,503,33
1365593780654,RU,/dashboard.do,200,38
1365593780904,RU,/dashboard.do,404,16
1365593781155,AU,/dashboard.do,200,37
1365593781406,RU,/dashboard.do,200,40
1365593781657,FR,/,404,48
1365593781908,AU,/prices.do,404,22
1365593782160,FR,/prices.do,200,2
1365593782411,US,/prices.do,503,33
1365593782661,AU,/,404,41
1365593782912,FL,/dashboard.do,503,10
1365593783163,US,/,404,42
1365593783414,RU,/dashboard.do,503,40
1365593783665,RU,/,404,0
1365593783916,FL,/prices.do,503,22
1365593784167,AU,/dashboard.do,404,13
1365593784417,RU,/,404,0
1365593784668,FR,/prices.do,404,47
1365593784918,FR,/prices.do,404,0
1365593785169,AU,/,503,48
1365593785420,AU,/dashboard.do,200,40
1365593785671,RU,/,404,9
1365593785922,RU,/,404,21
1365593786173,RU,/dashboard.do,404,19
1365593786425,US,/dashboard.do,404,11
1365593786676,FR,/prices.do,404,0
1365593786926,FL,/,404,33
1365593787178,FR,/dashboard.do,503,33
1365593787429,FR,/,404,1
1365593787679,FL,/prices.do,404,44
1365593787930,FR,/prices.do,200,40
1365593788182,FL,/dashboard.do,503,38
1365593788432,FR,/prices.do,404,36
1365593788683,RU,/dashboard.do,404,42
1365593788934,US,/prices.do,200,24
1365593789186,RU,/dashboard.do,404,4
1365593789436,FR,/prices.do,404,12
1365593789687,FL,/dashboard.do,503,49
1365593789938,FL,/dashboard.do,404,42
1365593790188,FL,/,503,31
1365593790439,FR,/prices.do,200,38
1365593790690,AU,/,503,38
1365593790941,AU,/prices.do,404,26
1365593791192,AU,/dashboard.do,404,21
1365593791443,FL,/,404,17
1365593791694,FL,/,404,33
1365593791944,FR,/dashboard.do,503,43
1365593792196,RU,/prices.do,200,14
1365593792446,US,/dashboard.do,404,1
1365593792698,FR,/,200,2
1365593792949,FL,/dashboard.do,200,30
1365593793200,RU,/dashboard.do,404,9
1365593793451,US,/dashboard.do,200,46
1365593793701,AU,/prices.do,200,46
1365593793952,FR,/dashboard.do,503,16
1365593794203,FL,/,404,39
1365593794453,FL,/prices.do,404,16
1365593794705,AU,/prices.do,503,3
1365593794956,US,/prices.do,503,40
1365593795206,AU,/prices.do,503,16
1365593795457,RU,/dashboard.do,404,24
1365593795708,AU,/dashboard.do,503,22
1365593795959,FR,/dashboard.do,503,27
1365593796210,US,/,404,40
1365593796461,FR,/prices.do,503,6
1365593796713,AU,/prices.do,503,33
1365593796963,FL,/,503,15
1365593797214,US,/,200,42
1365593797465,RU,/,200,44
1365593797716,US,/,200,37
1365593797967,FL,/,404,13
1365593798218,AU,/prices.do,404,43
1365593798469,RU,/,200,32
1365593798720,US,/,503,21
1365593798970,FR,/dashboard.do,200,39
1365593799221,AU,/prices.do,503,1
1365593799472,US,/prices.do,404,41
1365593799724,US,/dashboard.do,200,7
1365593799974,FL,/dashboard.do,404,31
1365593800225,US,/prices.do,404,37
1365593800476,US,/prices.do,404,11
1365593800727,FL,/prices.do,503,23
1365593800978,RU,/prices.do,200,23
1365593801229,RU,/prices.do,404,2
1365593801479,US,/,200,33
1365593801730,RU,/prices.do,404,19
1365593801981,FR,/dashboard.do,503,20
1365593802232,FL,/,200,24
1365593802482,FR,/,503,4
1365593802733,US,/dashboard.do,404,32
1365593802984,AU,/dashboard.do,200,13
1365593803235,FL,/dashboard.do,404,12
1365593803485,FR,/prices.do,200,43
1365593803737,US,/,404,39
1365593803988,AU,/prices.do,200,17
1365593804239,AU,/prices.do,404,4
1365593804491,AU,/,503,20
1365593804742,RU,/prices.do,503,22
1365593804993,RU,/,200,34
1365593805244,RU,/dashboard.do,503,42
1365593805495,RU,/prices.do,200,5
1365593805746,RU,/dashboard.do,404,6
1365593805998,US,/,503,39
1365593806249,US,/prices.do,200,1
1365593806500,AU,/prices.do,503,42
1365593806751,FR,/prices.do,404,27
1365593807002,US,/dashboard.do,404,2
1365593807253,FR,/prices.do,200,9
1365593807505,FL,/prices.do,200,47
1365593807756,RU,/dashboard.do,503,20
1365593808007,AU,/dashboard.do,503,27
1365593808257,FL,/dashboard.do,404,44
1365593808508,FL,/prices.do,503,5
1365593808760,FR,/,200,39
1365593809011,AU,/,404,20
1365593809267,US,/,200,33
1365593809519,FR,/prices.do,404,2
1365593809769,RU,/dashboard.do,503,41
1365593810020,FR,/prices.do,404,45
1365593810271,RU,/,404,17
1365593810522,US,/prices.do,200,18
1365593810773,FR,/,503,33
1365593811024,FL,/dashboard.do,503,30
1365593811275,FR,/,404,0
1365593811526,FL,/dashboard.do,503,8
1365593811778,US,/dashboard.do,404,44
1365593812029,RU,/,200,48
1365593812280,FL,/dashboard.do,200,6
1365593812532,US,/dashboard.do,404,24
1365593812783,AU,/,200,43
1365593813034,US,/,404,5
1365593813286,FL,/dashboard.do,404,14
1365593813537,FR,/dashboard.do,404,25
1365593813788,FL,/prices.do,503,35
1365593814040,FR,/dashboard.do,503,0
1365593814291,RU,/,404,35
1365593814541,FR,/,200,3
1365593814793,FL,/prices.do,404,32
1365593815044,FL,/dashboard.do,200,4
1365593815295,AU,/dashboard.do,404,6
1365593815547,RU,/prices.do,404,40
1365593815798,RU,/,404,21
1365593816049,FR,/prices.do,200,26
1365593816300,FR,/dashboard.do,404,44
1365593816551,FR,/dashboard.do,503,18
1365593816802,FL,/,404,21
1365593817053,FR,/prices.do,200,8
1365593817304,US,/,503,45
1365593817555,AU,/,404,2
1365593817806,FL,/prices.do,200,1
1365593818058,AU,/prices.do,200,42
1365593818309,FL,/,200,0
1365593818560,US,/prices.do,200,7
1365593818810,RU,/prices.do,404,32
1365593819062,AU,/prices.do,200,20
1365593819313,AU,/,404,9
1365593819564,US,/prices.do,503,32
1365593819815,FL,/,404,37
1365593820066,US,/dashboard.do,404,23
1365593820317,FL,/prices.do,503,7
1365593820567,AU,/dashboard.do,404,9
1365593820818,AU,/,200,16
1365593821070,RU,/,200,7
1365593821320,AU,/,503,29
1365593821572,FL,/dashboard.do,200,19
1365593821823,FR,/dashboard.do,404,22
1365593822073,RU,/prices.do,200,21
1365593822325,US,/,404,44
1365593822576,FL,/prices.do,200,42
1365593822829,AU,/,200,44
1365593823080,AU,/,503,42
1365593823331,US,/dashboard.do,404,33
1365593823581,FR,/,503,38
1365593823832,RU,/,404,11
1365593824083,FR,/dashboard.do,200,49
1365593824334,US,/,200,49
1365593824584,AU,/prices.do,200,17
1365593824835,US,/dashboard.do,503,14
1365593825086,US,/prices.do,200,33
1365593825337,FR,/prices.do,200,33
1365593825588,RU,/dashboard.do,503,10
1365593825839,RU,/prices.do,503,10
1365593826090,US,/prices.do,200,17
1365593826342,FR,/dashboard.do,404,43
1365593826593,FL,/dashboard.do,200,45
1365593826844,AU,/dashboard.do,404,38
1365593827094,FR,/,404,29
1365593827345,RU,/prices.do,503,22
1365593827596,AU,/dashboard.do,503,25
1365593827847,FR,/prices.do,200,23
1365593828097,US,/prices.do,200,40
1365593828348,RU,/dashboard.do,503,38
1365593828600,RU,/dashboard.do,200,37
1365593828851,RU,/,503,44
1365593829102,FR,/prices.do,200,42
1365593829353,US,/,200,30
1365593829603,FL,/,404,16
1365593829854,AU,/,404,44
1365593830105,AU,/prices.do,200,1
1365593830355,FR,/dashboard.do,503,38
1365593830606,AU,/dashboard.do,200,4
1365593830857,AU,/prices.do,404,0
1365593831108,US,/dashboard.do,404,43
1365593831359,RU,/dashboard.do,503,2
1365593831610,FR,/prices.do,503,35
1365593831861,US,/prices.do,503,45
1365593832111,FR,/prices.do,503,27
1365593832362,FL,/dashboard.do,404,29
1365593832613,FL,/dashboard.do,200,31
1365593832863,FR,/dashboard.do,404,2
1365593833114,RU,/prices.do,200,35
1365593833365,FL,/dashboard.do,503,18
1365593833616,RU,/,503,49
1365593833867,FL,/dashboard.do,200,11
1365593834118,AU,/prices.do,200,21
1365593834369,FL,/dashboard.do,404,11
1365593834620,AU,/,503,13
1365593834871,US,/dashboard.do,200,0
1365593835121,FL,/,503,49
1365593835372,RU,/,404,28
1365593835623,RU,/prices.do,404,14
1365593835873,RU,/dashboard.do,404,3
1365593836124,US,/prices.do,404,20
1365593836375,FR,/prices.do,503,12
1365593836626,FL,/prices.do,404,21
1365593836877,RU,/prices.do,503,19
1365593837128,RU,/dashboard.do,503,15
1365593837378,FR,/prices.do,503,20
1365593837630,RU,/dashboard.do,503,29
1365593837881,AU,/,503,11
1365593838131,FR,/,503,43
1365593838383,US,/prices.do,200,46
1365593838633,US,/,503,22
1365593838884,FL,/dashboard.do,404,28
1365593839135,FL,/,200,48
1365593839386,FL,/prices.do,503,14
1365593839636,RU,/prices.do,503,36
1365593839888,RU,/dashboard.do,404,28
1365593840138,FR,/dashboard.do,503,19
1365593840390,FL,/prices.do,503,7
1365593840641,FL,/prices.do,200,19
1365593840892,FR,/,200,7
1365593841143,US,/dashboard.do,404,21
1365593841393,FL,/,503,27
1365593841645,FL,/prices.do,404,21
1365593841896,FR,/dashboard.do,200,27
1365593842147,US,/,200,15
1365593842398,AU,/dashboard.do,503,15
1365593842649,FR,/prices.do,200,17
1365593842900,FL,/,503,47
1365593843151,US,/dashboard.do,503,1
1365593843402,FL,/,200,23
1365593843653,FR,/,404,21
1365593843903,FL,/dashboard.do,200,40
1365593844155,FL,/,404,25
1365593844406,US,/prices.do,503,28
1365593844656,AU,/prices.do,200,44
1365593844907,FL,/,404,12
1365593845158,FR,/prices.do,200,15
1365593845410,US,/,503,29
1365593845661,RU,/,404,42
1365593845912,US,/,503,10
1365593846163,US,/,503,28
1365593846414,RU,/,503,18
1365593846665,FL,/,200,46
1365593846916,FR,/prices.do,200,39
1365593847167,FR,/,200,36
1365593847417,AU,/,200,1
1365593847668,FR,/prices.do,404,28
1365593847919,RU,/prices.do,404,29
1365593848170,FR,/,503,2
1365593848421,FL,/,200,16
1365593848672,RU,/prices.do,503,10
1365593848923,FR,/prices.do,200,32
1365593849173,RU,/,503,43
1365593849424,FR,/,200,29
1365593849675,FR,/dashboard.do,200,32
1365593849926,RU,/dashboard.do,404,13
1365593850177,RU,/dashboard.do,200,2
1365593850428,FR,/dashboard.do,503,8
1365593850680,US,/prices.do,503,24
1365593850931,AU,/dashboard.do,404,48
1365593851182,AU,/,503,3
1365593851433,US,/dashboard.do,200,8
1365593851684,RU,/prices.do,404,45
1365593851935,FL,/prices.do,404,3
1365593852186,AU,/dashboard.do,503,42
1365593852437,US,/prices.do,503,17
1365593852688,US,/prices.do,404,41
1365593852939,AU,/prices.do,404,39
1365593853190,RU,/dashboard.do,404,39
1365593853441,RU,/dashboard.do,200,4
1365593853692,RU,/dashboard.do,200,29
1365593853942,FR,/,503,9
1365593854193,FL,/,200,37
1365593854446,US,/dashboard.do,503,29
1365593854697,AU,/prices.do,503,30
1365593854948,RU,/prices.do,503,39
1365593855199,US,/dashboard.do,200,0
1365593855450,US,/,200,24
1365593855701,AU,/prices.do,404,12
1365593855952,AU,/prices.do,503,16
1365593856204,RU,/,404,33
1365593856454,RU,/,200,47
1365593856705,FL,/,503,21
1365593856956,RU,/dashboard.do,404,26
1365593857207,FL,/,503,21
1365593857457,US,/dashboard.do,200,38
1365593857708,US,/dashboard.do,503,19
1365593857960,RU,/,503,2
1365593858212,RU,/prices.do,200,7
1365593858462,AU,/,503,41
1365593858713,US,/prices.do,404,37
1365593858965,US,/,404,14
1365593859215,AU,/dashboard.do,200,3
1365593859466,FL,/dashboard.do,503,47
1365593859717,RU,/prices.do,200,32
1365593859967,RU,/,404,21
1365593860219,FL,/prices.do,503,7
1365593860470,FL,/,404,45
1365593860721,FR,/,503,28
1365593860972,FL,/,404,5
1365593861223,US,/dashboard.do,404,17
1365593861474,RU,/,503,15
1365593861725,US,/,200,33
